2026-03-06 08:36:33,407 INFO o.h.v.i.u.Version [background-preinit] HV000001: Hibernate Validator 8.0.1.Final
2026-03-06 08:36:33,455 INFO o.s.b.StartupInfoLogger [restartedMain] Starting SystemVottingApplication using Java 21.0.9 with PID 84073 (/home/guyguy/IdeaProjects/SystemVotting/target/classes started by guyguy in /home/guyguy/IdeaProjects/SystemVotting)
2026-03-06 08:36:33,455 DEBUG o.s.b.StartupInfoLogger [restartedMain] Running with Spring Boot v3.4.0, Spring v6.2.0
2026-03-06 08:36:33,456 INFO o.s.b.SpringApplication [restartedMain] No active profile set, falling back to 1 default profile: "default"
2026-03-06 08:36:33,506 INFO o.s.b.l.DeferredLog [restartedMain] Devtools property defaults active! Set 'spring.devtools.add-properties' to 'false' to disable
2026-03-06 08:36:33,507 INFO o.s.b.l.DeferredLog [restartedMain] For additional web related logging consider setting the 'logging.level.web' property to 'DEBUG'
2026-03-06 08:36:34,457 INFO o.s.d.r.c.RepositoryConfigurationDelegate [restartedMain] Bootstrapping Spring Data JPA repositories in DEFAULT mode.
2026-03-06 08:36:34,512 INFO o.s.d.r.c.RepositoryConfigurationDelegate [restartedMain] Finished Spring Data repository scanning in 47 ms. Found 6 JPA repository interfaces.
2026-03-06 08:36:35,110 INFO o.s.b.w.e.t.TomcatWebServer [restartedMain] Tomcat initialized with port 8080 (http)
2026-03-06 08:36:35,119 INFO o.a.j.l.DirectJDKLog [restartedMain] Initializing ProtocolHandler ["http-nio-8080"]
2026-03-06 08:36:35,120 INFO o.a.j.l.DirectJDKLog [restartedMain] Starting service [Tomcat]
2026-03-06 08:36:35,120 INFO o.a.j.l.DirectJDKLog [restartedMain] Starting Servlet engine: [Apache Tomcat/10.1.33]
2026-03-06 08:36:35,152 INFO o.a.j.l.DirectJDKLog [restartedMain] Initializing Spring embedded WebApplicationContext
2026-03-06 08:36:35,152 INFO o.s.b.w.s.c.ServletWebServerApplicationContext [restartedMain] Root WebApplicationContext: initialization completed in 1644 ms
2026-03-06 08:36:35,398 INFO o.h.j.i.u.LogHelper [restartedMain] HHH000204: Processing PersistenceUnitInfo [name: default]
2026-03-06 08:36:35,431 INFO o.h.Version [restartedMain] HHH000412: Hibernate ORM core version 6.6.2.Final
2026-03-06 08:36:35,454 INFO o.h.c.i.RegionFactoryInitiator [restartedMain] HHH000026: Second-level cache disabled
2026-03-06 08:36:35,620 INFO o.s.o.j.p.SpringPersistenceUnitInfo [restartedMain] No LoadTimeWeaver setup: ignoring JPA class transformer
2026-03-06 08:36:35,648 INFO c.z.h.HikariDataSource [restartedMain] HikariPool-1 - Starting...
2026-03-06 08:36:35,756 INFO c.z.h.p.HikariPool [restartedMain] HikariPool-1 - Added connection com.mysql.cj.jdbc.ConnectionImpl@366969e4
2026-03-06 08:36:35,757 INFO c.z.h.HikariDataSource [restartedMain] HikariPool-1 - Start completed.
2026-03-06 08:36:35,819 INFO o.h.e.j.e.i.JdbcEnvironmentInitiator [restartedMain] HHH10001005: Database info:
	Database JDBC URL [Connecting through datasource 'HikariDataSource (HikariPool-1)']
	Database driver: undefined/unknown
	Database version: 8.0.45
	Autocommit mode: undefined/unknown
	Isolation level: undefined/unknown
	Minimum pool size: undefined/unknown
	Maximum pool size: undefined/unknown
2026-03-06 08:36:36,572 INFO o.h.e.t.j.p.i.JtaPlatformInitiator [restartedMain] HHH000489: No JTA platform available (set 'hibernate.transaction.jta.platform' to enable JTA platform integration)
2026-03-06 08:36:37,079 INFO o.s.o.j.AbstractEntityManagerFactoryBean [restartedMain] Initialized JPA EntityManagerFactory for persistence unit 'default'
2026-03-06 08:36:37,342 DEBUG o.s.w.f.GenericFilterBean [restartedMain] Filter 'jwtAuthenticationFilter' configured for use
2026-03-06 08:36:37,449 INFO o.s.s.c.a.a.c.InitializeAuthenticationProviderBeanManagerConfigurer$InitializeAuthenticationProviderManagerConfigurer [restartedMain] Global AuthenticationManager configured with AuthenticationProvider bean with name authenticationProvider
2026-03-06 08:36:37,450 WARN o.s.s.c.a.a.c.InitializeUserDetailsBeanManagerConfigurer$InitializeUserDetailsManagerConfigurer [restartedMain] Global AuthenticationManager configured with an AuthenticationProvider bean. UserDetailsService beans will not be used by Spring Security for automatically configuring username/password login. Consider removing the AuthenticationProvider bean. Alternatively, consider using the UserDetailsService in a manually instantiated DaoAuthenticationProvider. If the current configuration is intentional, to turn off this warning, increase the logging level of 'org.springframework.security.config.annotation.authentication.configuration.InitializeUserDetailsBeanManagerConfigurer' to ERROR
2026-03-06 08:36:37,680 WARN o.s.b.a.o.j.JpaBaseConfiguration$JpaWebConfiguration [restartedMain] spring.jpa.open-in-view is enabled by default. Therefore, database queries may be performed during view rendering. Explicitly configure spring.jpa.open-in-view to disable this warning
2026-03-06 08:36:38,096 INFO o.s.b.a.e.w.EndpointLinksResolver [restartedMain] Exposing 3 endpoints beneath base path '/actuator'
2026-03-06 08:36:38,632 INFO o.s.b.d.a.OptionalLiveReloadServer [restartedMain] LiveReload server is running on port 35729
2026-03-06 08:36:38,693 INFO o.a.j.l.DirectJDKLog [restartedMain] Starting ProtocolHandler ["http-nio-8080"]
2026-03-06 08:36:38,703 INFO o.s.b.w.e.t.TomcatWebServer [restartedMain] Tomcat started on port 8080 (http) with context path '/'
2026-03-06 08:36:38,715 INFO o.s.b.StartupInfoLogger [restartedMain] Started SystemVottingApplication in 5.778 seconds (process running for 6.263)
2026-03-06 08:36:38,984 INFO c.x.s.c.DataInitializer [restartedMain] No users found in database. Initializing default SuperAdmin account.
2026-03-06 08:36:39,095 INFO c.x.s.c.DataInitializer [restartedMain] SuperAdmin account created: admin / adminpassword
2026-03-06 08:36:39,301 INFO o.a.j.l.DirectJDKLog [RMI TCP Connection(4)-127.0.0.1] Initializing Spring DispatcherServlet 'dispatcherServlet'
2026-03-06 08:36:39,302 INFO o.s.w.s.FrameworkServlet [RMI TCP Connection(4)-127.0.0.1] Initializing Servlet 'dispatcherServlet'
2026-03-06 08:36:39,303 INFO o.s.w.s.FrameworkServlet [RMI TCP Connection(4)-127.0.0.1] Completed initialization in 1 ms
2026-03-06 08:36:42,164 WARN o.s.b.a.h.AbstractHealthIndicator [RMI TCP Connection(3)-127.0.0.1] Mail health check failed
jakarta.mail.AuthenticationFailedException: 535-5.7.8 Username and Password not accepted. For more information, go to
535 5.7.8  https://support.google.com/mail/?p=BadCredentials d2e1a72fcca58-82980d76251sm3843828b3a.15 - gsmtp

	at org.eclipse.angus.mail.smtp.SMTPTransport$Authenticator.authenticate(SMTPTransport.java:954)
	at org.eclipse.angus.mail.smtp.SMTPTransport.authenticate(SMTPTransport.java:865)
	at org.eclipse.angus.mail.smtp.SMTPTransport.protocolConnect(SMTPTransport.java:769)
	at jakarta.mail.Service.connect(Service.java:345)
	at org.springframework.mail.javamail.JavaMailSenderImpl.connectTransport(JavaMailSenderImpl.java:480)
	at org.springframework.mail.javamail.JavaMailSenderImpl.testConnection(JavaMailSenderImpl.java:360)
	at org.springframework.boot.actuate.mail.MailHealthIndicator.doHealthCheck(MailHealthIndicator.java:52)
	at org.springframework.boot.actuate.health.AbstractHealthIndicator.health(AbstractHealthIndicator.java:82)
	at org.springframework.boot.actuate.health.HealthIndicator.getHealth(HealthIndicator.java:37)
	at org.springframework.boot.actuate.health.HealthEndpoint.getHealth(HealthEndpoint.java:82)
	at org.springframework.boot.actuate.health.HealthEndpoint.getHealth(HealthEndpoint.java:41)
	at org.springframework.boot.actuate.health.HealthEndpointSupport.getLoggedHealth(HealthEndpointSupport.java:172)
	at org.springframework.boot.actuate.health.HealthEndpointSupport.getContribution(HealthEndpointSupport.java:145)
	at org.springframework.boot.actuate.health.HealthEndpointSupport.getAggregateContribution(HealthEndpointSupport.java:156)
	at org.springframework.boot.actuate.health.HealthEndpointSupport.getContribution(HealthEndpointSupport.java:141)
	at org.springframework.boot.actuate.health.HealthEndpointSupport.getHealth(HealthEndpointSupport.java:110)
	at org.springframework.boot.actuate.health.HealthEndpointSupport.getHealth(HealthEndpointSupport.java:81)
	at org.springframework.boot.actuate.health.HealthEndpoint.health(HealthEndpoint.java:76)
	at org.springframework.boot.actuate.health.HealthEndpoint.health(HealthEndpoint.java:66)
	at java.base/jdk.internal.reflect.DirectMethodHandleAccessor.invoke(DirectMethodHandleAccessor.java:103)
	at java.base/java.lang.reflect.Method.invoke(Method.java:580)
	at org.springframework.util.ReflectionUtils.invokeMethod(ReflectionUtils.java:281)
	at org.springframework.boot.actuate.endpoint.invoke.reflect.ReflectiveOperationInvoker.invoke(ReflectiveOperationInvoker.java:74)
	at org.springframework.boot.actuate.endpoint.annotation.AbstractDiscoveredOperation.invoke(AbstractDiscoveredOperation.java:60)
	at org.springframework.boot.actuate.endpoint.jmx.EndpointMBean.invoke(EndpointMBean.java:124)
	at org.springframework.boot.actuate.endpoint.jmx.EndpointMBean.invoke(EndpointMBean.java:97)
	at java.management/com.sun.jmx.interceptor.DefaultMBeanServerInterceptor.invoke(DefaultMBeanServerInterceptor.java:803)
	at java.management/com.sun.jmx.mbeanserver.JmxMBeanServer.invoke(JmxMBeanServer.java:802)
	at java.management.rmi/javax.management.remote.rmi.RMIConnectionImpl.doOperation(RMIConnectionImpl.java:1472)
	at java.management.rmi/javax.management.remote.rmi.RMIConnectionImpl$PrivilegedOperation.run(RMIConnectionImpl.java:1310)
	at java.management.rmi/javax.management.remote.rmi.RMIConnectionImpl.doPrivilegedOperation(RMIConnectionImpl.java:1405)
	at java.management.rmi/javax.management.remote.rmi.RMIConnectionImpl.invoke(RMIConnectionImpl.java:829)
	at java.base/jdk.internal.reflect.DirectMethodHandleAccessor.invoke(DirectMethodHandleAccessor.java:103)
	at java.base/java.lang.reflect.Method.invoke(Method.java:580)
	at java.rmi/sun.rmi.server.UnicastServerRef.dispatch(UnicastServerRef.java:360)
	at java.rmi/sun.rmi.transport.Transport$1.run(Transport.java:200)
	at java.rmi/sun.rmi.transport.Transport$1.run(Transport.java:197)
	at java.base/java.security.AccessController.doPrivileged(AccessController.java:714)
	at java.rmi/sun.rmi.transport.Transport.serviceCall(Transport.java:196)
	at java.rmi/sun.rmi.transport.tcp.TCPTransport.handleMessages(TCPTransport.java:598)
	at java.rmi/sun.rmi.transport.tcp.TCPTransport$ConnectionHandler.run0(TCPTransport.java:844)
	at java.rmi/sun.rmi.transport.tcp.TCPTransport$ConnectionHandler.lambda$run$0(TCPTransport.java:721)
	at java.base/java.security.AccessController.doPrivileged(AccessController.java:400)
	at java.rmi/sun.rmi.transport.tcp.TCPTransport$ConnectionHandler.run(TCPTransport.java:720)
	at java.base/java.util.concurrent.ThreadPoolExecutor.runWorker(ThreadPoolExecutor.java:1144)
	at java.base/java.util.concurrent.ThreadPoolExecutor$Worker.run(ThreadPoolExecutor.java:642)
	at java.base/java.lang.Thread.run(Thread.java:1583)
2026-03-06 08:38:28,858 INFO o.s.b.w.e.t.GracefulShutdown [SpringApplicationShutdownHook] Commencing graceful shutdown. Waiting for active requests to complete
2026-03-06 08:38:28,861 INFO o.s.b.w.e.t.GracefulShutdown [tomcat-shutdown] Graceful shutdown complete
2026-03-06 08:38:28,867 INFO o.s.o.j.AbstractEntityManagerFactoryBean [SpringApplicationShutdownHook] Closing JPA EntityManagerFactory for persistence unit 'default'
2026-03-06 08:38:28,870 INFO c.z.h.HikariDataSource [SpringApplicationShutdownHook] HikariPool-1 - Shutdown initiated...
2026-03-06 08:38:28,875 INFO c.z.h.HikariDataSource [SpringApplicationShutdownHook] HikariPool-1 - Shutdown completed.
2026-03-06 08:38:30,813 INFO o.h.v.i.u.Version [background-preinit] HV000001: Hibernate Validator 8.0.1.Final
2026-03-06 08:38:30,846 INFO o.s.b.StartupInfoLogger [restartedMain] Starting SystemVottingApplication using Java 21.0.9 with PID 85023 (/home/guyguy/IdeaProjects/SystemVotting/target/classes started by guyguy in /home/guyguy/IdeaProjects/SystemVotting)
2026-03-06 08:38:30,846 DEBUG o.s.b.StartupInfoLogger [restartedMain] Running with Spring Boot v3.4.0, Spring v6.2.0
2026-03-06 08:38:30,847 INFO o.s.b.SpringApplication [restartedMain] No active profile set, falling back to 1 default profile: "default"
2026-03-06 08:38:30,876 INFO o.s.b.l.DeferredLog [restartedMain] Devtools property defaults active! Set 'spring.devtools.add-properties' to 'false' to disable
2026-03-06 08:38:30,877 INFO o.s.b.l.DeferredLog [restartedMain] For additional web related logging consider setting the 'logging.level.web' property to 'DEBUG'
2026-03-06 08:38:31,655 INFO o.s.d.r.c.RepositoryConfigurationDelegate [restartedMain] Bootstrapping Spring Data JPA repositories in DEFAULT mode.
2026-03-06 08:38:31,703 INFO o.s.d.r.c.RepositoryConfigurationDelegate [restartedMain] Finished Spring Data repository scanning in 42 ms. Found 6 JPA repository interfaces.
2026-03-06 08:38:32,227 INFO o.s.b.w.e.t.TomcatWebServer [restartedMain] Tomcat initialized with port 8080 (http)
2026-03-06 08:38:32,234 INFO o.a.j.l.DirectJDKLog [restartedMain] Initializing ProtocolHandler ["http-nio-8080"]
2026-03-06 08:38:32,235 INFO o.a.j.l.DirectJDKLog [restartedMain] Starting service [Tomcat]
2026-03-06 08:38:32,235 INFO o.a.j.l.DirectJDKLog [restartedMain] Starting Servlet engine: [Apache Tomcat/10.1.33]
2026-03-06 08:38:32,258 INFO o.a.j.l.DirectJDKLog [restartedMain] Initializing Spring embedded WebApplicationContext
2026-03-06 08:38:32,259 INFO o.s.b.w.s.c.ServletWebServerApplicationContext [restartedMain] Root WebApplicationContext: initialization completed in 1381 ms
2026-03-06 08:38:32,484 INFO o.h.j.i.u.LogHelper [restartedMain] HHH000204: Processing PersistenceUnitInfo [name: default]
2026-03-06 08:38:32,518 INFO o.h.Version [restartedMain] HHH000412: Hibernate ORM core version 6.6.2.Final
2026-03-06 08:38:32,537 INFO o.h.c.i.RegionFactoryInitiator [restartedMain] HHH000026: Second-level cache disabled
2026-03-06 08:38:32,702 INFO o.s.o.j.p.SpringPersistenceUnitInfo [restartedMain] No LoadTimeWeaver setup: ignoring JPA class transformer
2026-03-06 08:38:32,727 INFO c.z.h.HikariDataSource [restartedMain] HikariPool-1 - Starting...
2026-03-06 08:38:32,829 INFO c.z.h.p.HikariPool [restartedMain] HikariPool-1 - Added connection com.mysql.cj.jdbc.ConnectionImpl@453737f6
2026-03-06 08:38:32,831 INFO c.z.h.HikariDataSource [restartedMain] HikariPool-1 - Start completed.
2026-03-06 08:38:32,886 INFO o.h.e.j.e.i.JdbcEnvironmentInitiator [restartedMain] HHH10001005: Database info:
	Database JDBC URL [Connecting through datasource 'HikariDataSource (HikariPool-1)']
	Database driver: undefined/unknown
	Database version: 8.0.45
	Autocommit mode: undefined/unknown
	Isolation level: undefined/unknown
	Minimum pool size: undefined/unknown
	Maximum pool size: undefined/unknown
2026-03-06 08:38:33,578 INFO o.h.e.t.j.p.i.JtaPlatformInitiator [restartedMain] HHH000489: No JTA platform available (set 'hibernate.transaction.jta.platform' to enable JTA platform integration)
2026-03-06 08:38:33,648 INFO o.s.o.j.AbstractEntityManagerFactoryBean [restartedMain] Initialized JPA EntityManagerFactory for persistence unit 'default'
2026-03-06 08:38:33,904 DEBUG o.s.w.f.GenericFilterBean [restartedMain] Filter 'jwtAuthenticationFilter' configured for use
2026-03-06 08:38:33,993 INFO o.s.s.c.a.a.c.InitializeAuthenticationProviderBeanManagerConfigurer$InitializeAuthenticationProviderManagerConfigurer [restartedMain] Global AuthenticationManager configured with AuthenticationProvider bean with name authenticationProvider
2026-03-06 08:38:33,994 WARN o.s.s.c.a.a.c.InitializeUserDetailsBeanManagerConfigurer$InitializeUserDetailsManagerConfigurer [restartedMain] Global AuthenticationManager configured with an AuthenticationProvider bean. UserDetailsService beans will not be used by Spring Security for automatically configuring username/password login. Consider removing the AuthenticationProvider bean. Alternatively, consider using the UserDetailsService in a manually instantiated DaoAuthenticationProvider. If the current configuration is intentional, to turn off this warning, increase the logging level of 'org.springframework.security.config.annotation.authentication.configuration.InitializeUserDetailsBeanManagerConfigurer' to ERROR
2026-03-06 08:38:34,196 WARN o.s.b.a.o.j.JpaBaseConfiguration$JpaWebConfiguration [restartedMain] spring.jpa.open-in-view is enabled by default. Therefore, database queries may be performed during view rendering. Explicitly configure spring.jpa.open-in-view to disable this warning
2026-03-06 08:38:34,579 INFO o.s.b.a.e.w.EndpointLinksResolver [restartedMain] Exposing 3 endpoints beneath base path '/actuator'
2026-03-06 08:38:35,043 INFO o.s.b.d.a.OptionalLiveReloadServer [restartedMain] LiveReload server is running on port 35729
2026-03-06 08:38:35,094 INFO o.a.j.l.DirectJDKLog [restartedMain] Starting ProtocolHandler ["http-nio-8080"]
2026-03-06 08:38:35,104 INFO o.s.b.w.e.t.TomcatWebServer [restartedMain] Tomcat started on port 8080 (http) with context path '/'
2026-03-06 08:38:35,115 INFO o.s.b.StartupInfoLogger [restartedMain] Started SystemVottingApplication in 4.665 seconds (process running for 5.098)
2026-03-06 08:38:35,889 INFO o.a.j.l.DirectJDKLog [RMI TCP Connection(3)-127.0.0.1] Initializing Spring DispatcherServlet 'dispatcherServlet'
2026-03-06 08:38:35,890 INFO o.s.w.s.FrameworkServlet [RMI TCP Connection(3)-127.0.0.1] Initializing Servlet 'dispatcherServlet'
2026-03-06 08:38:35,892 INFO o.s.w.s.FrameworkServlet [RMI TCP Connection(3)-127.0.0.1] Completed initialization in 2 ms
2026-03-06 08:38:39,023 WARN o.s.b.a.h.AbstractHealthIndicator [RMI TCP Connection(2)-127.0.0.1] Mail health check failed
jakarta.mail.AuthenticationFailedException: 535-5.7.8 Username and Password not accepted. For more information, go to
535 5.7.8  https://support.google.com/mail/?p=BadCredentials d2e1a72fcca58-829a463a1adsm1709b3a.11 - gsmtp

	at org.eclipse.angus.mail.smtp.SMTPTransport$Authenticator.authenticate(SMTPTransport.java:954)
	at org.eclipse.angus.mail.smtp.SMTPTransport.authenticate(SMTPTransport.java:865)
	at org.eclipse.angus.mail.smtp.SMTPTransport.protocolConnect(SMTPTransport.java:769)
	at jakarta.mail.Service.connect(Service.java:345)
	at org.springframework.mail.javamail.JavaMailSenderImpl.connectTransport(JavaMailSenderImpl.java:480)
	at org.springframework.mail.javamail.JavaMailSenderImpl.testConnection(JavaMailSenderImpl.java:360)
	at org.springframework.boot.actuate.mail.MailHealthIndicator.doHealthCheck(MailHealthIndicator.java:52)
	at org.springframework.boot.actuate.health.AbstractHealthIndicator.health(AbstractHealthIndicator.java:82)
	at org.springframework.boot.actuate.health.HealthIndicator.getHealth(HealthIndicator.java:37)
	at org.springframework.boot.actuate.health.HealthEndpoint.getHealth(HealthEndpoint.java:82)
	at org.springframework.boot.actuate.health.HealthEndpoint.getHealth(HealthEndpoint.java:41)
	at org.springframework.boot.actuate.health.HealthEndpointSupport.getLoggedHealth(HealthEndpointSupport.java:172)
	at org.springframework.boot.actuate.health.HealthEndpointSupport.getContribution(HealthEndpointSupport.java:145)
	at org.springframework.boot.actuate.health.HealthEndpointSupport.getAggregateContribution(HealthEndpointSupport.java:156)
	at org.springframework.boot.actuate.health.HealthEndpointSupport.getContribution(HealthEndpointSupport.java:141)
	at org.springframework.boot.actuate.health.HealthEndpointSupport.getHealth(HealthEndpointSupport.java:110)
	at org.springframework.boot.actuate.health.HealthEndpointSupport.getHealth(HealthEndpointSupport.java:81)
	at org.springframework.boot.actuate.health.HealthEndpoint.health(HealthEndpoint.java:76)
	at org.springframework.boot.actuate.health.HealthEndpoint.health(HealthEndpoint.java:66)
	at java.base/jdk.internal.reflect.DirectMethodHandleAccessor.invoke(DirectMethodHandleAccessor.java:103)
	at java.base/java.lang.reflect.Method.invoke(Method.java:580)
	at org.springframework.util.ReflectionUtils.invokeMethod(ReflectionUtils.java:281)
	at org.springframework.boot.actuate.endpoint.invoke.reflect.ReflectiveOperationInvoker.invoke(ReflectiveOperationInvoker.java:74)
	at org.springframework.boot.actuate.endpoint.annotation.AbstractDiscoveredOperation.invoke(AbstractDiscoveredOperation.java:60)
	at org.springframework.boot.actuate.endpoint.jmx.EndpointMBean.invoke(EndpointMBean.java:124)
	at org.springframework.boot.actuate.endpoint.jmx.EndpointMBean.invoke(EndpointMBean.java:97)
	at java.management/com.sun.jmx.interceptor.DefaultMBeanServerInterceptor.invoke(DefaultMBeanServerInterceptor.java:803)
	at java.management/com.sun.jmx.mbeanserver.JmxMBeanServer.invoke(JmxMBeanServer.java:802)
	at java.management.rmi/javax.management.remote.rmi.RMIConnectionImpl.doOperation(RMIConnectionImpl.java:1472)
	at java.management.rmi/javax.management.remote.rmi.RMIConnectionImpl$PrivilegedOperation.run(RMIConnectionImpl.java:1310)
	at java.management.rmi/javax.management.remote.rmi.RMIConnectionImpl.doPrivilegedOperation(RMIConnectionImpl.java:1405)
	at java.management.rmi/javax.management.remote.rmi.RMIConnectionImpl.invoke(RMIConnectionImpl.java:829)
	at java.base/jdk.internal.reflect.DirectMethodHandleAccessor.invoke(DirectMethodHandleAccessor.java:103)
	at java.base/java.lang.reflect.Method.invoke(Method.java:580)
	at java.rmi/sun.rmi.server.UnicastServerRef.dispatch(UnicastServerRef.java:360)
	at java.rmi/sun.rmi.transport.Transport$1.run(Transport.java:200)
	at java.rmi/sun.rmi.transport.Transport$1.run(Transport.java:197)
	at java.base/java.security.AccessController.doPrivileged(AccessController.java:714)
	at java.rmi/sun.rmi.transport.Transport.serviceCall(Transport.java:196)
	at java.rmi/sun.rmi.transport.tcp.TCPTransport.handleMessages(TCPTransport.java:598)
	at java.rmi/sun.rmi.transport.tcp.TCPTransport$ConnectionHandler.run0(TCPTransport.java:844)
	at java.rmi/sun.rmi.transport.tcp.TCPTransport$ConnectionHandler.lambda$run$0(TCPTransport.java:721)
	at java.base/java.security.AccessController.doPrivileged(AccessController.java:400)
	at java.rmi/sun.rmi.transport.tcp.TCPTransport$ConnectionHandler.run(TCPTransport.java:720)
	at java.base/java.util.concurrent.ThreadPoolExecutor.runWorker(ThreadPoolExecutor.java:1144)
	at java.base/java.util.concurrent.ThreadPoolExecutor$Worker.run(ThreadPoolExecutor.java:642)
	at java.base/java.lang.Thread.run(Thread.java:1583)
2026-03-06 08:38:50,580 INFO o.s.a.AbstractOpenApiResource [http-nio-8080-exec-6] Init duration for springdoc-openapi is: 281 ms
2026-03-06 08:41:19,672 INFO o.s.b.d.a.LocalDevToolsAutoConfiguration$RestartingClassPathChangeChangedEventListener [File Watcher] Restarting due to 4 class path changes (0 additions, 0 deletions, 4 modifications)
2026-03-06 08:41:19,676 INFO o.s.b.w.e.t.GracefulShutdown [Thread-5] Commencing graceful shutdown. Waiting for active requests to complete
2026-03-06 08:41:19,678 INFO o.a.j.l.DirectJDKLog [tomcat-shutdown] Pausing ProtocolHandler ["http-nio-8080"]
2026-03-06 08:41:19,679 INFO o.s.b.w.e.t.GracefulShutdown [tomcat-shutdown] Graceful shutdown complete
2026-03-06 08:41:19,679 INFO o.a.j.l.DirectJDKLog [Thread-5] Stopping ProtocolHandler ["http-nio-8080"]
2026-03-06 08:41:19,685 INFO o.s.o.j.AbstractEntityManagerFactoryBean [Thread-5] Closing JPA EntityManagerFactory for persistence unit 'default'
2026-03-06 08:41:19,688 INFO c.z.h.HikariDataSource [Thread-5] HikariPool-1 - Shutdown initiated...
2026-03-06 08:41:19,701 INFO c.z.h.HikariDataSource [Thread-5] HikariPool-1 - Shutdown completed.
2026-03-06 08:41:19,778 INFO o.s.b.StartupInfoLogger [restartedMain] Starting SystemVottingApplication using Java 21.0.9 with PID 85023 (/home/guyguy/IdeaProjects/SystemVotting/target/classes started by guyguy in /home/guyguy/IdeaProjects/SystemVotting)
2026-03-06 08:41:19,779 DEBUG o.s.b.StartupInfoLogger [restartedMain] Running with Spring Boot v3.4.0, Spring v6.2.0
2026-03-06 08:41:19,779 INFO o.s.b.SpringApplication [restartedMain] No active profile set, falling back to 1 default profile: "default"
2026-03-06 08:41:20,008 INFO o.s.d.r.c.RepositoryConfigurationDelegate [restartedMain] Bootstrapping Spring Data JPA repositories in DEFAULT mode.
2026-03-06 08:41:20,021 INFO o.s.d.r.c.RepositoryConfigurationDelegate [restartedMain] Finished Spring Data repository scanning in 11 ms. Found 6 JPA repository interfaces.
2026-03-06 08:41:20,141 INFO o.s.b.w.e.t.TomcatWebServer [restartedMain] Tomcat initialized with port 8080 (http)
2026-03-06 08:41:20,142 INFO o.a.j.l.DirectJDKLog [restartedMain] Initializing ProtocolHandler ["http-nio-8080"]
2026-03-06 08:41:20,142 INFO o.a.j.l.DirectJDKLog [restartedMain] Starting service [Tomcat]
2026-03-06 08:41:20,142 INFO o.a.j.l.DirectJDKLog [restartedMain] Starting Servlet engine: [Apache Tomcat/10.1.33]
2026-03-06 08:41:20,148 INFO o.a.j.l.DirectJDKLog [restartedMain] Initializing Spring embedded WebApplicationContext
2026-03-06 08:41:20,149 INFO o.s.b.w.s.c.ServletWebServerApplicationContext [restartedMain] Root WebApplicationContext: initialization completed in 369 ms
2026-03-06 08:41:20,254 INFO o.h.j.i.u.LogHelper [restartedMain] HHH000204: Processing PersistenceUnitInfo [name: default]
2026-03-06 08:41:20,256 INFO o.h.c.i.RegionFactoryInitiator [restartedMain] HHH000026: Second-level cache disabled
2026-03-06 08:41:20,262 INFO o.s.o.j.p.SpringPersistenceUnitInfo [restartedMain] No LoadTimeWeaver setup: ignoring JPA class transformer
2026-03-06 08:41:20,263 INFO c.z.h.HikariDataSource [restartedMain] HikariPool-2 - Starting...
2026-03-06 08:41:20,276 INFO c.z.h.p.HikariPool [restartedMain] HikariPool-2 - Added connection com.mysql.cj.jdbc.ConnectionImpl@1e91fa3c
2026-03-06 08:41:20,276 INFO c.z.h.HikariDataSource [restartedMain] HikariPool-2 - Start completed.
2026-03-06 08:41:20,278 INFO o.h.e.j.e.i.JdbcEnvironmentInitiator [restartedMain] HHH10001005: Database info:
	Database JDBC URL [Connecting through datasource 'HikariDataSource (HikariPool-2)']
	Database driver: undefined/unknown
	Database version: 8.0.45
	Autocommit mode: undefined/unknown
	Isolation level: undefined/unknown
	Minimum pool size: undefined/unknown
	Maximum pool size: undefined/unknown
2026-03-06 08:41:20,371 INFO o.h.e.t.j.p.i.JtaPlatformInitiator [restartedMain] HHH000489: No JTA platform available (set 'hibernate.transaction.jta.platform' to enable JTA platform integration)
2026-03-06 08:41:20,414 INFO o.s.o.j.AbstractEntityManagerFactoryBean [restartedMain] Initialized JPA EntityManagerFactory for persistence unit 'default'
2026-03-06 08:41:20,475 DEBUG o.s.w.f.GenericFilterBean [restartedMain] Filter 'jwtAuthenticationFilter' configured for use
2026-03-06 08:41:20,538 INFO o.s.s.c.a.a.c.InitializeAuthenticationProviderBeanManagerConfigurer$InitializeAuthenticationProviderManagerConfigurer [restartedMain] Global AuthenticationManager configured with AuthenticationProvider bean with name authenticationProvider
2026-03-06 08:41:20,539 WARN o.s.s.c.a.a.c.InitializeUserDetailsBeanManagerConfigurer$InitializeUserDetailsManagerConfigurer [restartedMain] Global AuthenticationManager configured with an AuthenticationProvider bean. UserDetailsService beans will not be used by Spring Security for automatically configuring username/password login. Consider removing the AuthenticationProvider bean. Alternatively, consider using the UserDetailsService in a manually instantiated DaoAuthenticationProvider. If the current configuration is intentional, to turn off this warning, increase the logging level of 'org.springframework.security.config.annotation.authentication.configuration.InitializeUserDetailsBeanManagerConfigurer' to ERROR
2026-03-06 08:41:20,669 WARN o.s.b.a.o.j.JpaBaseConfiguration$JpaWebConfiguration [restartedMain] spring.jpa.open-in-view is enabled by default. Therefore, database queries may be performed during view rendering. Explicitly configure spring.jpa.open-in-view to disable this warning
2026-03-06 08:41:20,850 INFO o.s.b.a.e.w.EndpointLinksResolver [restartedMain] Exposing 3 endpoints beneath base path '/actuator'
2026-03-06 08:41:21,100 INFO o.s.b.d.a.OptionalLiveReloadServer [restartedMain] LiveReload server is running on port 35729
2026-03-06 08:41:21,118 INFO o.a.j.l.DirectJDKLog [restartedMain] Starting ProtocolHandler ["http-nio-8080"]
2026-03-06 08:41:21,119 INFO o.s.b.w.e.t.TomcatWebServer [restartedMain] Tomcat started on port 8080 (http) with context path '/'
2026-03-06 08:41:21,124 INFO o.s.b.StartupInfoLogger [restartedMain] Started SystemVottingApplication in 1.367 seconds (process running for 171.108)
2026-03-06 08:41:21,132 INFO o.s.b.d.a.ConditionEvaluationDeltaLoggingListener [restartedMain] Condition evaluation unchanged
2026-03-06 08:41:27,509 INFO o.s.b.d.a.LocalDevToolsAutoConfiguration$RestartingClassPathChangeChangedEventListener [File Watcher] Restarting due to 9 class path changes (2 additions, 2 deletions, 5 modifications)
2026-03-06 08:41:27,510 INFO o.s.b.w.e.t.GracefulShutdown [Thread-7] Commencing graceful shutdown. Waiting for active requests to complete
2026-03-06 08:41:27,511 INFO o.a.j.l.DirectJDKLog [tomcat-shutdown] Pausing ProtocolHandler ["http-nio-8080"]
2026-03-06 08:41:27,512 INFO o.s.b.w.e.t.GracefulShutdown [tomcat-shutdown] Graceful shutdown complete
2026-03-06 08:41:27,513 INFO o.a.j.l.DirectJDKLog [Thread-7] Stopping ProtocolHandler ["http-nio-8080"]
2026-03-06 08:41:27,515 INFO o.s.o.j.AbstractEntityManagerFactoryBean [Thread-7] Closing JPA EntityManagerFactory for persistence unit 'default'
2026-03-06 08:41:27,516 INFO c.z.h.HikariDataSource [Thread-7] HikariPool-2 - Shutdown initiated...
2026-03-06 08:41:27,518 INFO c.z.h.HikariDataSource [Thread-7] HikariPool-2 - Shutdown completed.
2026-03-06 08:41:27,599 INFO o.s.b.StartupInfoLogger [restartedMain] Starting SystemVottingApplication using Java 21.0.9 with PID 85023 (/home/guyguy/IdeaProjects/SystemVotting/target/classes started by guyguy in /home/guyguy/IdeaProjects/SystemVotting)
2026-03-06 08:41:27,600 DEBUG o.s.b.StartupInfoLogger [restartedMain] Running with Spring Boot v3.4.0, Spring v6.2.0
2026-03-06 08:41:27,600 INFO o.s.b.SpringApplication [restartedMain] No active profile set, falling back to 1 default profile: "default"
2026-03-06 08:41:27,845 INFO o.s.d.r.c.RepositoryConfigurationDelegate [restartedMain] Bootstrapping Spring Data JPA repositories in DEFAULT mode.
2026-03-06 08:41:27,860 INFO o.s.d.r.c.RepositoryConfigurationDelegate [restartedMain] Finished Spring Data repository scanning in 14 ms. Found 6 JPA repository interfaces.
2026-03-06 08:41:28,000 INFO o.s.b.w.e.t.TomcatWebServer [restartedMain] Tomcat initialized with port 8080 (http)
2026-03-06 08:41:28,000 INFO o.a.j.l.DirectJDKLog [restartedMain] Initializing ProtocolHandler ["http-nio-8080"]
2026-03-06 08:41:28,001 INFO o.a.j.l.DirectJDKLog [restartedMain] Starting service [Tomcat]
2026-03-06 08:41:28,001 INFO o.a.j.l.DirectJDKLog [restartedMain] Starting Servlet engine: [Apache Tomcat/10.1.33]
2026-03-06 08:41:28,007 INFO o.a.j.l.DirectJDKLog [restartedMain] Initializing Spring embedded WebApplicationContext
2026-03-06 08:41:28,008 INFO o.s.b.w.s.c.ServletWebServerApplicationContext [restartedMain] Root WebApplicationContext: initialization completed in 407 ms
2026-03-06 08:41:28,120 INFO o.h.j.i.u.LogHelper [restartedMain] HHH000204: Processing PersistenceUnitInfo [name: default]
2026-03-06 08:41:28,121 INFO o.h.c.i.RegionFactoryInitiator [restartedMain] HHH000026: Second-level cache disabled
2026-03-06 08:41:28,128 INFO o.s.o.j.p.SpringPersistenceUnitInfo [restartedMain] No LoadTimeWeaver setup: ignoring JPA class transformer
2026-03-06 08:41:28,128 INFO c.z.h.HikariDataSource [restartedMain] HikariPool-3 - Starting...
2026-03-06 08:41:28,142 INFO c.z.h.p.HikariPool [restartedMain] HikariPool-3 - Added connection com.mysql.cj.jdbc.ConnectionImpl@181f7cc3
2026-03-06 08:41:28,143 INFO c.z.h.HikariDataSource [restartedMain] HikariPool-3 - Start completed.
2026-03-06 08:41:28,144 INFO o.h.e.j.e.i.JdbcEnvironmentInitiator [restartedMain] HHH10001005: Database info:
	Database JDBC URL [Connecting through datasource 'HikariDataSource (HikariPool-3)']
	Database driver: undefined/unknown
	Database version: 8.0.45
	Autocommit mode: undefined/unknown
	Isolation level: undefined/unknown
	Minimum pool size: undefined/unknown
	Maximum pool size: undefined/unknown
2026-03-06 08:41:28,230 INFO o.h.e.t.j.p.i.JtaPlatformInitiator [restartedMain] HHH000489: No JTA platform available (set 'hibernate.transaction.jta.platform' to enable JTA platform integration)
2026-03-06 08:41:28,267 INFO o.s.o.j.AbstractEntityManagerFactoryBean [restartedMain] Initialized JPA EntityManagerFactory for persistence unit 'default'
2026-03-06 08:41:28,350 DEBUG o.s.w.f.GenericFilterBean [restartedMain] Filter 'jwtAuthenticationFilter' configured for use
2026-03-06 08:41:28,395 INFO o.s.s.c.a.a.c.InitializeAuthenticationProviderBeanManagerConfigurer$InitializeAuthenticationProviderManagerConfigurer [restartedMain] Global AuthenticationManager configured with AuthenticationProvider bean with name authenticationProvider
2026-03-06 08:41:28,396 WARN o.s.s.c.a.a.c.InitializeUserDetailsBeanManagerConfigurer$InitializeUserDetailsManagerConfigurer [restartedMain] Global AuthenticationManager configured with an AuthenticationProvider bean. UserDetailsService beans will not be used by Spring Security for automatically configuring username/password login. Consider removing the AuthenticationProvider bean. Alternatively, consider using the UserDetailsService in a manually instantiated DaoAuthenticationProvider. If the current configuration is intentional, to turn off this warning, increase the logging level of 'org.springframework.security.config.annotation.authentication.configuration.InitializeUserDetailsBeanManagerConfigurer' to ERROR
2026-03-06 08:41:28,443 WARN o.s.c.s.AbstractApplicationContext [restartedMain] Exception encountered during context initialization - cancelling refresh attempt: org.springframework.beans.factory.BeanCreationException: Error creating bean with name 'authController' defined in file [/home/guyguy/IdeaProjects/SystemVotting/target/classes/com/xxxx/systemvotting/modules/auth/controller/AuthController.class]: Failed to instantiate [com.xxxx.systemvotting.modules.auth.controller.AuthController]: Constructor threw exception
2026-03-06 08:41:28,443 INFO o.s.o.j.AbstractEntityManagerFactoryBean [restartedMain] Closing JPA EntityManagerFactory for persistence unit 'default'
2026-03-06 08:41:28,444 INFO c.z.h.HikariDataSource [restartedMain] HikariPool-3 - Shutdown initiated...
2026-03-06 08:41:28,455 INFO c.z.h.HikariDataSource [restartedMain] HikariPool-3 - Shutdown completed.
2026-03-06 08:41:28,456 INFO o.a.j.l.DirectJDKLog [restartedMain] Stopping service [Tomcat]
2026-03-06 08:41:28,469 INFO o.s.b.a.l.ConditionEvaluationReportLogger [restartedMain] 

Error starting ApplicationContext. To display the condition evaluation report re-run your application with 'debug' enabled.
2026-03-06 08:41:28,482 ERROR o.s.b.SpringApplication [restartedMain] Application run failed
org.springframework.beans.factory.BeanCreationException: Error creating bean with name 'authController' defined in file [/home/guyguy/IdeaProjects/SystemVotting/target/classes/com/xxxx/systemvotting/modules/auth/controller/AuthController.class]: Failed to instantiate [com.xxxx.systemvotting.modules.auth.controller.AuthController]: Constructor threw exception
	at org.springframework.beans.factory.support.ConstructorResolver.instantiate(ConstructorResolver.java:321)
	at org.springframework.beans.factory.support.ConstructorResolver.autowireConstructor(ConstructorResolver.java:309)
	at org.springframework.beans.factory.support.AbstractAutowireCapableBeanFactory.autowireConstructor(AbstractAutowireCapableBeanFactory.java:1371)
	at org.springframework.beans.factory.support.AbstractAutowireCapableBeanFactory.createBeanInstance(AbstractAutowireCapableBeanFactory.java:1208)
	at org.springframework.beans.factory.support.AbstractAutowireCapableBeanFactory.doCreateBean(AbstractAutowireCapableBeanFactory.java:563)
	at org.springframework.beans.factory.support.AbstractAutowireCapableBeanFactory.createBean(AbstractAutowireCapableBeanFactory.java:523)
	at org.springframework.beans.factory.support.AbstractBeanFactory.lambda$doGetBean$0(AbstractBeanFactory.java:336)
	at org.springframework.beans.factory.support.DefaultSingletonBeanRegistry.getSingleton(DefaultSingletonBeanRegistry.java:288)
	at org.springframework.beans.factory.support.AbstractBeanFactory.doGetBean(AbstractBeanFactory.java:334)
	at org.springframework.beans.factory.support.AbstractBeanFactory.getBean(AbstractBeanFactory.java:199)
	at org.springframework.beans.factory.support.DefaultListableBeanFactory.instantiateSingleton(DefaultListableBeanFactory.java:1122)
	at org.springframework.beans.factory.support.DefaultListableBeanFactory.preInstantiateSingleton(DefaultListableBeanFactory.java:1093)
	at org.springframework.beans.factory.support.DefaultListableBeanFactory.preInstantiateSingletons(DefaultListableBeanFactory.java:1030)
	at org.springframework.context.support.AbstractApplicationContext.finishBeanFactoryInitialization(AbstractApplicationContext.java:987)
	at org.springframework.context.support.AbstractApplicationContext.refresh(AbstractApplicationContext.java:627)
	at org.springframework.boot.web.servlet.context.ServletWebServerApplicationContext.refresh(ServletWebServerApplicationContext.java:146)
	at org.springframework.boot.SpringApplication.refresh(SpringApplication.java:752)
	at org.springframework.boot.SpringApplication.refreshContext(SpringApplication.java:439)
	at org.springframework.boot.SpringApplication.run(SpringApplication.java:318)
	at org.springframework.boot.SpringApplication.run(SpringApplication.java:1361)
	at org.springframework.boot.SpringApplication.run(SpringApplication.java:1350)
	at com.xxxx.systemvotting.SystemVottingApplication.main(SystemVottingApplication.java:10)
	at java.base/jdk.internal.reflect.DirectMethodHandleAccessor.invoke(DirectMethodHandleAccessor.java:103)
	at java.base/java.lang.reflect.Method.invoke(Method.java:580)
	at org.springframework.boot.devtools.restart.RestartLauncher.run(RestartLauncher.java:50)
Caused by: org.springframework.beans.BeanInstantiationException: Failed to instantiate [com.xxxx.systemvotting.modules.auth.controller.AuthController]: Constructor threw exception
	at org.springframework.beans.BeanUtils.instantiateClass(BeanUtils.java:222)
	at org.springframework.beans.factory.support.SimpleInstantiationStrategy.instantiate(SimpleInstantiationStrategy.java:145)
	at org.springframework.beans.factory.support.ConstructorResolver.instantiate(ConstructorResolver.java:318)
	... 24 common frames omitted
Caused by: java.lang.Error: Unresolved compilation problem: 
	The import com.xxxx.systemvotting.common.ApiResponse cannot be resolved

	at com.xxxx.systemvotting.modules.auth.controller.AuthController.<init>(AuthController.java:3)
	at java.base/jdk.internal.reflect.DirectConstructorHandleAccessor.newInstance(DirectConstructorHandleAccessor.java:62)
	at java.base/java.lang.reflect.Constructor.newInstanceWithCaller(Constructor.java:502)
	at java.base/java.lang.reflect.Constructor.newInstance(Constructor.java:486)
	at org.springframework.beans.BeanUtils.instantiateClass(BeanUtils.java:209)
	... 26 common frames omitted
2026-03-06 08:41:39,924 INFO o.s.b.StartupInfoLogger [restartedMain] Starting SystemVottingApplication using Java 21.0.9 with PID 85023 (/home/guyguy/IdeaProjects/SystemVotting/target/classes started by guyguy in /home/guyguy/IdeaProjects/SystemVotting)
2026-03-06 08:41:39,924 DEBUG o.s.b.StartupInfoLogger [restartedMain] Running with Spring Boot v3.4.0, Spring v6.2.0
2026-03-06 08:41:39,924 INFO o.s.b.SpringApplication [restartedMain] No active profile set, falling back to 1 default profile: "default"
2026-03-06 08:41:40,336 INFO o.s.d.r.c.RepositoryConfigurationDelegate [restartedMain] Bootstrapping Spring Data JPA repositories in DEFAULT mode.
2026-03-06 08:41:40,358 INFO o.s.d.r.c.RepositoryConfigurationDelegate [restartedMain] Finished Spring Data repository scanning in 21 ms. Found 6 JPA repository interfaces.
2026-03-06 08:41:40,643 INFO o.s.b.w.e.t.TomcatWebServer [restartedMain] Tomcat initialized with port 8080 (http)
2026-03-06 08:41:40,645 INFO o.a.j.l.DirectJDKLog [restartedMain] Initializing ProtocolHandler ["http-nio-8080"]
2026-03-06 08:41:40,646 INFO o.a.j.l.DirectJDKLog [restartedMain] Starting service [Tomcat]
2026-03-06 08:41:40,646 INFO o.a.j.l.DirectJDKLog [restartedMain] Starting Servlet engine: [Apache Tomcat/10.1.33]
2026-03-06 08:41:40,654 INFO o.a.j.l.DirectJDKLog [restartedMain] Initializing Spring embedded WebApplicationContext
2026-03-06 08:41:40,655 INFO o.s.b.w.s.c.ServletWebServerApplicationContext [restartedMain] Root WebApplicationContext: initialization completed in 729 ms
2026-03-06 08:41:40,821 INFO o.h.j.i.u.LogHelper [restartedMain] HHH000204: Processing PersistenceUnitInfo [name: default]
2026-03-06 08:41:40,824 INFO o.h.c.i.RegionFactoryInitiator [restartedMain] HHH000026: Second-level cache disabled
2026-03-06 08:41:40,830 INFO o.s.o.j.p.SpringPersistenceUnitInfo [restartedMain] No LoadTimeWeaver setup: ignoring JPA class transformer
2026-03-06 08:41:40,830 INFO c.z.h.HikariDataSource [restartedMain] HikariPool-4 - Starting...
2026-03-06 08:41:40,837 INFO c.z.h.p.HikariPool [restartedMain] HikariPool-4 - Added connection com.mysql.cj.jdbc.ConnectionImpl@599f8fa3
2026-03-06 08:41:40,838 INFO c.z.h.HikariDataSource [restartedMain] HikariPool-4 - Start completed.
2026-03-06 08:41:40,839 INFO o.h.e.j.e.i.JdbcEnvironmentInitiator [restartedMain] HHH10001005: Database info:
	Database JDBC URL [Connecting through datasource 'HikariDataSource (HikariPool-4)']
	Database driver: undefined/unknown
	Database version: 8.0.45
	Autocommit mode: undefined/unknown
	Isolation level: undefined/unknown
	Minimum pool size: undefined/unknown
	Maximum pool size: undefined/unknown
2026-03-06 08:41:40,935 INFO o.h.e.t.j.p.i.JtaPlatformInitiator [restartedMain] HHH000489: No JTA platform available (set 'hibernate.transaction.jta.platform' to enable JTA platform integration)
2026-03-06 08:41:40,970 INFO o.s.o.j.AbstractEntityManagerFactoryBean [restartedMain] Initialized JPA EntityManagerFactory for persistence unit 'default'
2026-03-06 08:41:41,081 DEBUG o.s.w.f.GenericFilterBean [restartedMain] Filter 'jwtAuthenticationFilter' configured for use
2026-03-06 08:41:41,246 INFO o.s.s.c.a.a.c.InitializeAuthenticationProviderBeanManagerConfigurer$InitializeAuthenticationProviderManagerConfigurer [restartedMain] Global AuthenticationManager configured with AuthenticationProvider bean with name authenticationProvider
2026-03-06 08:41:41,247 WARN o.s.s.c.a.a.c.InitializeUserDetailsBeanManagerConfigurer$InitializeUserDetailsManagerConfigurer [restartedMain] Global AuthenticationManager configured with an AuthenticationProvider bean. UserDetailsService beans will not be used by Spring Security for automatically configuring username/password login. Consider removing the AuthenticationProvider bean. Alternatively, consider using the UserDetailsService in a manually instantiated DaoAuthenticationProvider. If the current configuration is intentional, to turn off this warning, increase the logging level of 'org.springframework.security.config.annotation.authentication.configuration.InitializeUserDetailsBeanManagerConfigurer' to ERROR
2026-03-06 08:41:41,324 WARN o.s.b.a.o.j.JpaBaseConfiguration$JpaWebConfiguration [restartedMain] spring.jpa.open-in-view is enabled by default. Therefore, database queries may be performed during view rendering. Explicitly configure spring.jpa.open-in-view to disable this warning
2026-03-06 08:41:41,634 INFO o.s.b.a.e.w.EndpointLinksResolver [restartedMain] Exposing 3 endpoints beneath base path '/actuator'
2026-03-06 08:41:42,036 INFO o.s.b.d.a.OptionalLiveReloadServer [restartedMain] LiveReload server is running on port 35729
2026-03-06 08:41:42,061 INFO o.a.j.l.DirectJDKLog [restartedMain] Starting ProtocolHandler ["http-nio-8080"]
2026-03-06 08:41:42,069 INFO o.s.b.w.e.t.TomcatWebServer [restartedMain] Tomcat started on port 8080 (http) with context path '/'
2026-03-06 08:41:42,075 INFO o.s.b.StartupInfoLogger [restartedMain] Started SystemVottingApplication in 2.172 seconds (process running for 192.058)
2026-03-06 08:41:42,085 INFO o.s.b.d.a.ConditionEvaluationDeltaLoggingListener [restartedMain] Condition evaluation unchanged
2026-03-06 08:45:25,673 INFO o.s.b.w.e.t.GracefulShutdown [SpringApplicationShutdownHook] Commencing graceful shutdown. Waiting for active requests to complete
2026-03-06 08:45:25,674 INFO o.s.b.w.e.t.GracefulShutdown [tomcat-shutdown] Graceful shutdown complete
2026-03-06 08:45:25,677 INFO o.s.o.j.AbstractEntityManagerFactoryBean [SpringApplicationShutdownHook] Closing JPA EntityManagerFactory for persistence unit 'default'
2026-03-06 08:45:25,678 INFO c.z.h.HikariDataSource [SpringApplicationShutdownHook] HikariPool-4 - Shutdown initiated...
2026-03-06 08:45:25,680 INFO c.z.h.HikariDataSource [SpringApplicationShutdownHook] HikariPool-4 - Shutdown completed.
2026-03-06 08:52:21,617 INFO o.h.v.i.u.Version [background-preinit] HV000001: Hibernate Validator 8.0.1.Final
2026-03-06 08:52:21,648 INFO o.s.b.StartupInfoLogger [restartedMain] Starting SystemVottingApplication using Java 21.0.9 with PID 92086 (/home/guyguy/IdeaProjects/SystemVotting/target/classes started by guyguy in /home/guyguy/IdeaProjects/SystemVotting)
2026-03-06 08:52:21,648 DEBUG o.s.b.StartupInfoLogger [restartedMain] Running with Spring Boot v3.4.0, Spring v6.2.0
2026-03-06 08:52:21,649 INFO o.s.b.SpringApplication [restartedMain] No active profile set, falling back to 1 default profile: "default"
2026-03-06 08:52:21,683 INFO o.s.b.l.DeferredLog [restartedMain] Devtools property defaults active! Set 'spring.devtools.add-properties' to 'false' to disable
2026-03-06 08:52:21,684 INFO o.s.b.l.DeferredLog [restartedMain] For additional web related logging consider setting the 'logging.level.web' property to 'DEBUG'
2026-03-06 08:52:22,563 INFO o.s.d.r.c.RepositoryConfigurationDelegate [restartedMain] Bootstrapping Spring Data JPA repositories in DEFAULT mode.
2026-03-06 08:52:22,628 INFO o.s.d.r.c.RepositoryConfigurationDelegate [restartedMain] Finished Spring Data repository scanning in 57 ms. Found 6 JPA repository interfaces.
2026-03-06 08:52:23,196 INFO o.s.b.w.e.t.TomcatWebServer [restartedMain] Tomcat initialized with port 8080 (http)
2026-03-06 08:52:23,205 INFO o.a.j.l.DirectJDKLog [restartedMain] Initializing ProtocolHandler ["http-nio-8080"]
2026-03-06 08:52:23,206 INFO o.a.j.l.DirectJDKLog [restartedMain] Starting service [Tomcat]
2026-03-06 08:52:23,206 INFO o.a.j.l.DirectJDKLog [restartedMain] Starting Servlet engine: [Apache Tomcat/10.1.33]
2026-03-06 08:52:23,233 INFO o.a.j.l.DirectJDKLog [restartedMain] Initializing Spring embedded WebApplicationContext
2026-03-06 08:52:23,233 INFO o.s.b.w.s.c.ServletWebServerApplicationContext [restartedMain] Root WebApplicationContext: initialization completed in 1548 ms
2026-03-06 08:52:23,474 INFO o.h.j.i.u.LogHelper [restartedMain] HHH000204: Processing PersistenceUnitInfo [name: default]
2026-03-06 08:52:23,508 INFO o.h.Version [restartedMain] HHH000412: Hibernate ORM core version 6.6.2.Final
2026-03-06 08:52:23,534 INFO o.h.c.i.RegionFactoryInitiator [restartedMain] HHH000026: Second-level cache disabled
2026-03-06 08:52:23,709 INFO o.s.o.j.p.SpringPersistenceUnitInfo [restartedMain] No LoadTimeWeaver setup: ignoring JPA class transformer
2026-03-06 08:52:23,730 INFO c.z.h.HikariDataSource [restartedMain] HikariPool-1 - Starting...
2026-03-06 08:52:23,844 INFO c.z.h.p.HikariPool [restartedMain] HikariPool-1 - Added connection com.mysql.cj.jdbc.ConnectionImpl@ed12b92
2026-03-06 08:52:23,845 INFO c.z.h.HikariDataSource [restartedMain] HikariPool-1 - Start completed.
2026-03-06 08:52:23,907 INFO o.h.e.j.e.i.JdbcEnvironmentInitiator [restartedMain] HHH10001005: Database info:
	Database JDBC URL [Connecting through datasource 'HikariDataSource (HikariPool-1)']
	Database driver: undefined/unknown
	Database version: 8.0.45
	Autocommit mode: undefined/unknown
	Isolation level: undefined/unknown
	Minimum pool size: undefined/unknown
	Maximum pool size: undefined/unknown
2026-03-06 08:52:24,648 INFO o.h.e.t.j.p.i.JtaPlatformInitiator [restartedMain] HHH000489: No JTA platform available (set 'hibernate.transaction.jta.platform' to enable JTA platform integration)
2026-03-06 08:52:24,748 INFO o.s.o.j.AbstractEntityManagerFactoryBean [restartedMain] Initialized JPA EntityManagerFactory for persistence unit 'default'
2026-03-06 08:52:25,021 DEBUG o.s.w.f.GenericFilterBean [restartedMain] Filter 'jwtAuthenticationFilter' configured for use
2026-03-06 08:52:25,122 INFO o.s.s.c.a.a.c.InitializeAuthenticationProviderBeanManagerConfigurer$InitializeAuthenticationProviderManagerConfigurer [restartedMain] Global AuthenticationManager configured with AuthenticationProvider bean with name authenticationProvider
2026-03-06 08:52:25,124 WARN o.s.s.c.a.a.c.InitializeUserDetailsBeanManagerConfigurer$InitializeUserDetailsManagerConfigurer [restartedMain] Global AuthenticationManager configured with an AuthenticationProvider bean. UserDetailsService beans will not be used by Spring Security for automatically configuring username/password login. Consider removing the AuthenticationProvider bean. Alternatively, consider using the UserDetailsService in a manually instantiated DaoAuthenticationProvider. If the current configuration is intentional, to turn off this warning, increase the logging level of 'org.springframework.security.config.annotation.authentication.configuration.InitializeUserDetailsBeanManagerConfigurer' to ERROR
2026-03-06 08:52:25,360 WARN o.s.b.a.o.j.JpaBaseConfiguration$JpaWebConfiguration [restartedMain] spring.jpa.open-in-view is enabled by default. Therefore, database queries may be performed during view rendering. Explicitly configure spring.jpa.open-in-view to disable this warning
2026-03-06 08:52:25,791 INFO o.s.b.a.e.w.EndpointLinksResolver [restartedMain] Exposing 3 endpoints beneath base path '/actuator'
2026-03-06 08:52:26,343 INFO o.s.b.d.a.OptionalLiveReloadServer [restartedMain] LiveReload server is running on port 35729
2026-03-06 08:52:26,399 INFO o.a.j.l.DirectJDKLog [restartedMain] Starting ProtocolHandler ["http-nio-8080"]
2026-03-06 08:52:26,410 INFO o.s.b.w.e.t.TomcatWebServer [restartedMain] Tomcat started on port 8080 (http) with context path '/'
2026-03-06 08:52:26,422 INFO o.s.b.StartupInfoLogger [restartedMain] Started SystemVottingApplication in 5.119 seconds (process running for 5.577)
2026-03-06 08:52:27,145 INFO o.a.j.l.DirectJDKLog [RMI TCP Connection(3)-127.0.0.1] Initializing Spring DispatcherServlet 'dispatcherServlet'
2026-03-06 08:52:27,145 INFO o.s.w.s.FrameworkServlet [RMI TCP Connection(3)-127.0.0.1] Initializing Servlet 'dispatcherServlet'
2026-03-06 08:52:27,148 INFO o.s.w.s.FrameworkServlet [RMI TCP Connection(3)-127.0.0.1] Completed initialization in 1 ms
